<?xml version="1.0" encoding="UTF-8"?>
<!-- Generated by org.testng.reporters.JUnitReportReporter -->
<testsuite hostname="Abdulraheem" failures="0" tests="4" name="MyTestCases" time="13.634" errors="0" timestamp="2024-11-13T21:44:45 EET" skipped="3">
  <testcase classname="MyTestCases" name="sysoutttt" time="13.634"/>
  <system-out/>
  <testcase classname="MyTestCases" name="clickOnTwoRandomNumbers">
    <skipped/>
  </testcase> <!-- clickOnTwoRandomNumbers -->
  <system-out/>
  <testcase classname="MyTestCases" name="ClickOnEvenNumbers">
    <skipped/>
  </testcase> <!-- ClickOnEvenNumbers -->
  <system-out/>
  <testcase classname="MyTestCases" name="AddTwoNumber">
    <skipped/>
  </testcase> <!-- AddTwoNumber -->
  <system-out/>
</testsuite> <!-- MyTestCases -->
